STAT: jconf successfully finalized
STAT: *** loading AM00 _default
Stat: init_phmm: Reading in HMM definition
Stat: rdhmmdef: ascii format HMM definition
Stat: rdhmmdef: limit check passed
Stat: check_hmm_restriction: an HMM with several arcs from initial state found: "sp"
Stat: rdhmmdef: this HMM requires multipath handling at decoding
Stat: rdhmmdef: no <SID> embedded
Stat: rdhmmdef: assign SID by the order of appearance
Stat: init_phmm: defined HMMs:    61
Stat: init_phmm: loading ascii hmmlist
Stat: init_phmm: logical names:   377 in HMMList
Stat: init_phmm: base phones:    28 used in logical
Stat: init_phmm: finished reading HMM definitions
STAT: m_fusion: force multipath HMM handling by user request
STAT: making pseudo bi/mono-phone for IW-triphone
Stat: hmm_lookup: 164 pseudo phones are added to logical HMM list
STAT: *** AM00 _default loaded
STAT: *** loading LM00 _default
Error: voca_load_htkdict: line 8: triphone "m-a+i" not found
Error: voca_load_htkdict: line 8: triphone "a-i+n" not found
Error: voca_load_htkdict: line 8: triphone "i-n+k" not found
Error: voca_load_htkdict: the line content was: MAINKAN	m a i n k a n
Error: voca_load_htkdict: line 14: triphone "t-i+v" not found
Error: voca_load_htkdict: line 14: triphone "i-v+i" not found
Error: voca_load_htkdict: line 14: triphone "v-i+*" or biphone "v-i" not found
Error: voca_load_htkdict: the line content was: TV	t i v i
Error: voca_load_htkdict: line 15: triphone "l-e+v" not found
Error: voca_load_htkdict: line 15: triphone "e-v+i" not found
Error: voca_load_htkdict: line 15: triphone "v-i+s" not found
Error: voca_load_htkdict: the line content was: TELEVISI	t eh l e v i s i
Error: voca_load_htkdict: line 20: triphone "r-u+w" not found
Error: voca_load_htkdict: line 20: triphone "w-a+ng" not found
Error: voca_load_htkdict: the line content was: RUANG	r u w a ng
Error: voca_load_htkdict: line 23: triphone "l-u+w" not found
Error: voca_load_htkdict: the line content was: KELUARGA	k e l u w a r g a
Error: voca_load_htkdict: begin missing phones
Error: voca_load_htkdict: a-i+n
Error: voca_load_htkdict: e-v+i
Error: voca_load_htkdict: i-n+k
Error: voca_load_htkdict: i-v+i
Error: voca_load_htkdict: l-e+v
Error: voca_load_htkdict: l-u+w
Error: voca_load_htkdict: m-a+i
Error: voca_load_htkdict: r-u+w
Error: voca_load_htkdict: t-i+v
Error: voca_load_htkdict: v-i+* or biphone v-i
Error: voca_load_htkdict: v-i+s
Error: voca_load_htkdict: w-a+ng
Error: voca_load_htkdict: end missing phones
Warning: init_voca: the word errors are ignored
Stat: init_voca: read 21 words
Stat: init_ngram: reading in ARPA forward n-gram from lm/bg1
Stat: ngram_read_arpa: this is 2-gram file
Stat: ngram_read_arpa: reading 1-gram part...
Stat: ngram_read_arpa: read 77 1-gram entries
Stat: ngram_read_arpa: reading 2-gram part...
Stat: ngram_read_arpa: 2-gram read 0 (0%)
Error: ngram_read_arpa: 2-gram: failed to parse, corrupted or invalid data?
Error: init_ngram: failed to read "lm/bg1"
ERROR: m_fusion: failed to initialize N-gram
